<?xml version="1.0" encoding="UTF-8"?>
<!-- Generated by org.testng.reporters.JUnitXMLReporter -->
<testsuite ignored="0" hostname="DESKTOP-LL1B83L" failures="1" tests="3" name="CareerJob" time="35.147" errors="0" timestamp="2025-06-18T16:50:42 IST">
  <testcase classname="Medanta_Form.CareerJob" name="TC_01" time="7.004"/>
  <testcase classname="Medanta_Form.CareerJob" name="TC_02" time="5.717"/>
  <testcase classname="Medanta_Form.CareerJob" name="TC_03" time="13.557">
    <failure type="org.openqa.selenium.ElementClickInterceptedException" message="element click intercepted: Element &amp;lt;button type=&amp;quot;submit&amp;quot; class=&amp;quot;theme-button&amp;quot; wire:click=&amp;quot;loading&amp;quot;&amp;gt;...&amp;lt;/button&amp;gt; is not clickable at point (675, 547). Other element would receive the click: &amp;lt;iframe title=&amp;quot;recaptcha challenge expires in two minutes&amp;quot; name=&amp;quot;c-7mjqgykbx85j&amp;quot; frameborder=&amp;quot;0&amp;quot; scrolling=&amp;quot;no&amp;quot; sandbox=&amp;quot;allow-forms allow-popups allow-same-origin allow-scripts allow-top-navigation allow-modals allow-popups-to-escape-sandbox allow-storage-access-by-user-activation&amp;quot; src=&amp;quot;https://www.google.com/recaptcha/api2/bframe?hl=en&amp;amp;amp;v=GUGrl5YkSwpBsxsF3eY665Ye&amp;amp;amp;k=6LdF-VwoAAAAAMJDBmah2BptZ1dQV-vak88EEK1m&amp;quot; style=&amp;quot;width: 400px; height: 580px;&amp;quot;&amp;gt;&amp;lt;/iframe&amp;gt;
  (Session info: chrome=137.0.7151.104)
Build info: version: &amp;apos;4.10.0&amp;apos;, revision: &amp;apos;c14d967899&amp;apos;
System info: os.name: &amp;apos;Windows 11&amp;apos;, os.arch: &amp;apos;amd64&amp;apos;, os.version: &amp;apos;10.0&amp;apos;, java.version: &amp;apos;17.0.7&amp;apos;
Driver info: org.openqa.selenium.chrome.ChromeDriver
Command: [c250ba875bdf9e47218a8ea8ee340566, clickElement {id=f.B9C42B5A6F2700EA51E39B81D3E8A471.d.99CF0972B603066F67832D6BF8EA66D6.e.217}]
Capabilities {acceptInsecureCerts: false, browserName: chrome, browserVersion: 137.0.7151.104, chrome: {chromedriverVersion: 137.0.7151.119 (e0ac9d12dff..., userDataDir: C:\Users\LYXELA~1\AppData\L...}, fedcm:accounts: true, goog:chromeOptions: {debuggerAddress: localhost:63414}, networkConnectionEnabled: false, pageLoadStrategy: normal, platformName: windows, proxy: Proxy(), se:cdp: ws://localhost:63414/devtoo..., se:cdpVersion: 137.0.7151.104, setWindowRect: true, strictFileInteractability: false, timeouts: {implicit: 0, pageLoad: 300000, script: 30000}, unhandledPromptBehavior: dismiss and notify, webauthn:extension:credBlob: true, webauthn:extension:largeBlob: true, webauthn:extension:minPinLength: true, webauthn:extension:prf: true, webauthn:virtualAuthenticators: true}
Element: [[ChromeDriver: chrome on windows (c250ba875bdf9e47218a8ea8ee340566)] -&amp;gt; xpath: (//button[@type=&amp;apos;submit&amp;apos;])[3]]
Session ID: c250ba875bdf9e47218a8ea8ee340566">
      <![CDATA[org.openqa.selenium.ElementClickInterceptedException: element click intercepted: Element <button type="submit" class="theme-button" wire:click="loading">...</button> is not clickable at point (675, 547). Other element would receive the click: <iframe title="recaptcha challenge expires in two minutes" name="c-7mjqgykbx85j" frameborder="0" scrolling="no" sandbox="allow-forms allow-popups allow-same-origin allow-scripts allow-top-navigation allow-modals allow-popups-to-escape-sandbox allow-storage-access-by-user-activation" src="https://www.google.com/recaptcha/api2/bframe?hl=en&amp;v=GUGrl5YkSwpBsxsF3eY665Ye&amp;k=6LdF-VwoAAAAAMJDBmah2BptZ1dQV-vak88EEK1m" style="width: 400px; height: 580px;"></iframe>
  (Session info: chrome=137.0.7151.104)
Build info: version: '4.10.0', revision: 'c14d967899'
System info: os.name: 'Windows 11', os.arch: 'amd64', os.version: '10.0', java.version: '17.0.7'
Driver info: org.openqa.selenium.chrome.ChromeDriver
Command: [c250ba875bdf9e47218a8ea8ee340566, clickElement {id=f.B9C42B5A6F2700EA51E39B81D3E8A471.d.99CF0972B603066F67832D6BF8EA66D6.e.217}]
Capabilities {acceptInsecureCerts: false, browserName: chrome, browserVersion: 137.0.7151.104, chrome: {chromedriverVersion: 137.0.7151.119 (e0ac9d12dff..., userDataDir: C:\Users\LYXELA~1\AppData\L...}, fedcm:accounts: true, goog:chromeOptions: {debuggerAddress: localhost:63414}, networkConnectionEnabled: false, pageLoadStrategy: normal, platformName: windows, proxy: Proxy(), se:cdp: ws://localhost:63414/devtoo..., se:cdpVersion: 137.0.7151.104, setWindowRect: true, strictFileInteractability: false, timeouts: {implicit: 0, pageLoad: 300000, script: 30000}, unhandledPromptBehavior: dismiss and notify, webauthn:extension:credBlob: true, webauthn:extension:largeBlob: true, webauthn:extension:minPinLength: true, webauthn:extension:prf: true, webauthn:virtualAuthenticators: true}
Element: [[ChromeDriver: chrome on windows (c250ba875bdf9e47218a8ea8ee340566)] -> xpath: (//button[@type='submit'])[3]]
Session ID: c250ba875bdf9e47218a8ea8ee340566
at org.openqa.selenium.remote.codec.w3c.W3CHttpResponseCodec.createException(W3CHttpResponseCodec.java:199)
at org.openqa.selenium.remote.codec.w3c.W3CHttpResponseCodec.decode(W3CHttpResponseCodec.java:132)
at org.openqa.selenium.remote.codec.w3c.W3CHttpResponseCodec.decode(W3CHttpResponseCodec.java:51)
at org.openqa.selenium.remote.HttpCommandExecutor.execute(HttpCommandExecutor.java:191)
at org.openqa.selenium.remote.service.DriverCommandExecutor.invokeExecute(DriverCommandExecutor.java:196)
at org.openqa.selenium.remote.service.DriverCommandExecutor.execute(DriverCommandExecutor.java:171)
at org.openqa.selenium.remote.RemoteWebDriver.execute(RemoteWebDriver.java:531)
at org.openqa.selenium.remote.RemoteWebElement.execute(RemoteWebElement.java:242)
at org.openqa.selenium.remote.RemoteWebElement.click(RemoteWebElement.java:77)
at Medanta_Form.CareerJob.TC_03(CareerJob.java:79)
at java.base/java.util.ArrayList.forEach(ArrayList.java:1511)
... Removed 32 stack frames]]>
    </failure>
  </testcase> <!-- TC_03 -->
</testsuite> <!-- CareerJob -->
