<?xml version="1.0" encoding="UTF-8"?>
<testng-results ignored="0" total="22" passed="20" failed="2" skipped="0">
  <reporter-output>
  </reporter-output>
  <suite started-at="2025-06-17T14:51:02 IST" name="Suite" finished-at="2025-06-17T14:54:53 IST" duration-ms="231262">
    <groups>
    </groups>
    <test started-at="2025-06-17T14:51:02 IST" name="CareerJob" finished-at="2025-06-17T14:51:37 IST" duration-ms="34631">
      <class name="Medanta_Form.CareerJob">
        <test-method is-config="true" signature="Openbrowser()[pri:0, instance:Medanta_Form.CareerJob@53045c6c]" started-at="2025-06-17T14:51:02 IST" name="Openbrowser" finished-at="2025-06-17T14:51:11 IST" duration-ms="8283" status="PASS">
          <reporter-output>
          </reporter-output>
        </test-method> <!-- Openbrowser -->
        <test-method signature="TC_01()[pri:0, instance:Medanta_Form.CareerJob@53045c6c]" started-at="2025-06-17T14:51:11 IST" name="TC_01" finished-at="2025-06-17T14:51:17 IST" duration-ms="6877" status="PASS">
          <reporter-output>
          </reporter-output>
        </test-method> <!-- TC_01 -->
        <test-method signature="TC_02()[pri:0, instance:Medanta_Form.CareerJob@53045c6c]" started-at="2025-06-17T14:51:17 IST" name="TC_02" finished-at="2025-06-17T14:51:23 IST" duration-ms="5634" status="PASS">
          <reporter-output>
          </reporter-output>
        </test-method> <!-- TC_02 -->
        <test-method signature="TC_03()[pri:0, instance:Medanta_Form.CareerJob@53045c6c]" started-at="2025-06-17T14:51:23 IST" name="TC_03" finished-at="2025-06-17T14:51:36 IST" duration-ms="13035" status="PASS">
          <reporter-output>
          </reporter-output>
        </test-method> <!-- TC_03 -->
        <test-method is-config="true" signature="TearDown()[pri:0, instance:Medanta_Form.CareerJob@53045c6c]" started-at="2025-06-17T14:51:36 IST" name="TearDown" finished-at="2025-06-17T14:51:37 IST" duration-ms="709" status="PASS">
          <reporter-output>
          </reporter-output>
        </test-method> <!-- TearDown -->
      </class> <!-- Medanta_Form.CareerJob -->
    </test> <!-- CareerJob -->
    <test started-at="2025-06-17T14:51:37 IST" name="BuyMedicine" finished-at="2025-06-17T14:51:49 IST" duration-ms="12533">
      <class name="Medanta_Form.BuyMedicine">
        <test-method is-config="true" signature="Openbrowser()[pri:0, instance:Medanta_Form.BuyMedicine@4d1c005e]" started-at="2025-06-17T14:51:37 IST" name="Openbrowser" finished-at="2025-06-17T14:51:41 IST" duration-ms="4280" status="PASS">
          <reporter-output>
          </reporter-output>
        </test-method> <!-- Openbrowser -->
        <test-method signature="TC_01()[pri:0, instance:Medanta_Form.BuyMedicine@4d1c005e]" started-at="2025-06-17T14:51:41 IST" name="TC_01" finished-at="2025-06-17T14:51:48 IST" duration-ms="7228" status="PASS">
          <reporter-output>
          </reporter-output>
        </test-method> <!-- TC_01 -->
        <test-method signature="TC_02()[pri:0, instance:Medanta_Form.BuyMedicine@4d1c005e]" started-at="2025-06-17T14:51:48 IST" name="TC_02" finished-at="2025-06-17T14:51:49 IST" duration-ms="633" status="PASS">
          <reporter-output>
          </reporter-output>
        </test-method> <!-- TC_02 -->
        <test-method is-config="true" signature="TearDown()[pri:0, instance:Medanta_Form.BuyMedicine@4d1c005e]" started-at="2025-06-17T14:51:49 IST" name="TearDown" finished-at="2025-06-17T14:51:49 IST" duration-ms="387" status="PASS">
          <reporter-output>
          </reporter-output>
        </test-method> <!-- TearDown -->
      </class> <!-- Medanta_Form.BuyMedicine -->
    </test> <!-- BuyMedicine -->
    <test started-at="2025-06-17T14:51:49 IST" name="HomeCare" finished-at="2025-06-17T14:52:18 IST" duration-ms="28828">
      <class name="Medanta_Form.HomeCare">
        <test-method is-config="true" signature="Openbrowser()[pri:0, instance:Medanta_Form.HomeCare@7188af83]" started-at="2025-06-17T14:51:49 IST" name="Openbrowser" finished-at="2025-06-17T14:51:53 IST" duration-ms="3830" status="PASS">
          <reporter-output>
          </reporter-output>
        </test-method> <!-- Openbrowser -->
        <test-method signature="TC_01()[pri:0, instance:Medanta_Form.HomeCare@7188af83]" started-at="2025-06-17T14:51:53 IST" name="TC_01" finished-at="2025-06-17T14:52:02 IST" duration-ms="8381" status="PASS">
          <reporter-output>
          </reporter-output>
        </test-method> <!-- TC_01 -->
        <test-method signature="TC_02()[pri:0, instance:Medanta_Form.HomeCare@7188af83]" started-at="2025-06-17T14:52:02 IST" name="TC_02" finished-at="2025-06-17T14:52:02 IST" duration-ms="773" status="PASS">
          <reporter-output>
          </reporter-output>
        </test-method> <!-- TC_02 -->
        <test-method signature="TC_03()[pri:0, instance:Medanta_Form.HomeCare@7188af83]" started-at="2025-06-17T14:52:02 IST" name="TC_03" finished-at="2025-06-17T14:52:10 IST" duration-ms="7715" status="PASS">
          <reporter-output>
          </reporter-output>
        </test-method> <!-- TC_03 -->
        <test-method signature="TC_04()[pri:0, instance:Medanta_Form.HomeCare@7188af83]" started-at="2025-06-17T14:52:10 IST" name="TC_04" finished-at="2025-06-17T14:52:18 IST" duration-ms="7844" status="PASS">
          <reporter-output>
          </reporter-output>
        </test-method> <!-- TC_04 -->
        <test-method is-config="true" signature="TearDown()[pri:0, instance:Medanta_Form.HomeCare@7188af83]" started-at="2025-06-17T14:52:18 IST" name="TearDown" finished-at="2025-06-17T14:52:18 IST" duration-ms="279" status="PASS">
          <reporter-output>
          </reporter-output>
        </test-method> <!-- TearDown -->
      </class> <!-- Medanta_Form.HomeCare -->
    </test> <!-- HomeCare -->
    <test started-at="2025-06-17T14:52:18 IST" name="RequestAnEstimate" finished-at="2025-06-17T14:52:34 IST" duration-ms="16023">
      <class name="Medanta_Form.RequestAnEstimate">
        <test-method is-config="true" signature="Openbrowser()[pri:0, instance:Medanta_Form.RequestAnEstimate@76494737]" started-at="2025-06-17T14:52:18 IST" name="Openbrowser" finished-at="2025-06-17T14:52:23 IST" duration-ms="4240" status="PASS">
          <reporter-output>
          </reporter-output>
        </test-method> <!-- Openbrowser -->
        <test-method signature="TC_01()[pri:0, instance:Medanta_Form.RequestAnEstimate@76494737]" started-at="2025-06-17T14:52:23 IST" name="TC_01" finished-at="2025-06-17T14:52:34 IST" duration-ms="11411" status="PASS">
          <reporter-output>
          </reporter-output>
        </test-method> <!-- TC_01 -->
        <test-method is-config="true" signature="TearDown()[pri:0, instance:Medanta_Form.RequestAnEstimate@76494737]" started-at="2025-06-17T14:52:34 IST" name="TearDown" finished-at="2025-06-17T14:52:34 IST" duration-ms="368" status="PASS">
          <reporter-output>
          </reporter-output>
        </test-method> <!-- TearDown -->
      </class> <!-- Medanta_Form.RequestAnEstimate -->
    </test> <!-- RequestAnEstimate -->
    <test started-at="2025-06-17T14:52:34 IST" name="BecomeAPartner" finished-at="2025-06-17T14:52:49 IST" duration-ms="14457">
      <class name="Medanta_Form.BecomeAPartner">
        <test-method is-config="true" signature="Openbrowser()[pri:0, instance:Medanta_Form.BecomeAPartner@359df09a]" started-at="2025-06-17T14:52:34 IST" name="Openbrowser" finished-at="2025-06-17T14:52:40 IST" duration-ms="5361" status="PASS">
          <reporter-output>
          </reporter-output>
        </test-method> <!-- Openbrowser -->
        <test-method signature="TC_01()[pri:0, instance:Medanta_Form.BecomeAPartner@359df09a]" started-at="2025-06-17T14:52:40 IST" name="TC_01" finished-at="2025-06-17T14:52:48 IST" duration-ms="8755" status="PASS">
          <reporter-output>
          </reporter-output>
        </test-method> <!-- TC_01 -->
        <test-method is-config="true" signature="TearDown()[pri:0, instance:Medanta_Form.BecomeAPartner@359df09a]" started-at="2025-06-17T14:52:48 IST" name="TearDown" finished-at="2025-06-17T14:52:49 IST" duration-ms="338" status="PASS">
          <reporter-output>
          </reporter-output>
        </test-method> <!-- TearDown -->
      </class> <!-- Medanta_Form.BecomeAPartner -->
    </test> <!-- BecomeAPartner -->
    <test started-at="2025-06-17T14:52:49 IST" name="ContactUs" finished-at="2025-06-17T14:53:40 IST" duration-ms="50829">
      <class name="Medanta_Form.ContactUs">
        <test-method is-config="true" signature="Openbrowser()[pri:0, instance:Medanta_Form.ContactUs@302c971f]" started-at="2025-06-17T14:52:49 IST" name="Openbrowser" finished-at="2025-06-17T14:52:52 IST" duration-ms="2928" status="PASS">
          <reporter-output>
          </reporter-output>
        </test-method> <!-- Openbrowser -->
        <test-method signature="Enquiry()[pri:1, instance:Medanta_Form.ContactUs@302c971f]" started-at="2025-06-17T14:52:52 IST" name="Enquiry" finished-at="2025-06-17T14:53:02 IST" duration-ms="10775" status="PASS">
          <reporter-output>
          </reporter-output>
        </test-method> <!-- Enquiry -->
        <test-method signature="Feedback()[pri:2, instance:Medanta_Form.ContactUs@302c971f]" started-at="2025-06-17T14:53:02 IST" name="Feedback" finished-at="2025-06-17T14:53:21 IST" duration-ms="18197" status="PASS">
          <reporter-output>
          </reporter-output>
        </test-method> <!-- Feedback -->
        <test-method signature="Others()[pri:3, instance:Medanta_Form.ContactUs@302c971f]" started-at="2025-06-17T14:53:21 IST" name="Others" finished-at="2025-06-17T14:53:39 IST" duration-ms="18650" status="PASS">
          <reporter-output>
          </reporter-output>
        </test-method> <!-- Others -->
        <test-method is-config="true" signature="TearDown()[pri:0, instance:Medanta_Form.ContactUs@302c971f]" started-at="2025-06-17T14:53:39 IST" name="TearDown" finished-at="2025-06-17T14:53:40 IST" duration-ms="270" status="PASS">
          <reporter-output>
          </reporter-output>
        </test-method> <!-- TearDown -->
      </class> <!-- Medanta_Form.ContactUs -->
    </test> <!-- ContactUs -->
    <test started-at="2025-06-17T14:53:40 IST" name="RequestACallback" finished-at="2025-06-17T14:54:06 IST" duration-ms="26011">
      <class name="Medanta_Form.RequestACallback">
        <test-method is-config="true" signature="Openbrowser()[pri:0, instance:Medanta_Form.RequestACallback@2a693f59]" started-at="2025-06-17T14:53:40 IST" name="Openbrowser" finished-at="2025-06-17T14:53:44 IST" duration-ms="4189" status="PASS">
          <reporter-output>
          </reporter-output>
        </test-method> <!-- Openbrowser -->
        <test-method signature="Air_Ambulance()[pri:0, instance:Medanta_Form.RequestACallback@2a693f59]" started-at="2025-06-17T14:53:44 IST" name="Air_Ambulance" finished-at="2025-06-17T14:53:49 IST" duration-ms="5209" status="PASS">
          <reporter-output>
          </reporter-output>
        </test-method> <!-- Air_Ambulance -->
        <test-method signature="Health_Checkup()[pri:0, instance:Medanta_Form.RequestACallback@2a693f59]" started-at="2025-06-17T14:53:49 IST" name="Health_Checkup" finished-at="2025-06-17T14:53:58 IST" duration-ms="9269" status="PASS">
          <reporter-output>
          </reporter-output>
        </test-method> <!-- Health_Checkup -->
        <test-method signature="Telemedicine()[pri:0, instance:Medanta_Form.RequestACallback@2a693f59]" started-at="2025-06-17T14:53:58 IST" name="Telemedicine" finished-at="2025-06-17T14:54:05 IST" duration-ms="6931" status="PASS">
          <reporter-output>
          </reporter-output>
        </test-method> <!-- Telemedicine -->
        <test-method is-config="true" signature="TearDown()[pri:0, instance:Medanta_Form.RequestACallback@2a693f59]" started-at="2025-06-17T14:54:05 IST" name="TearDown" finished-at="2025-06-17T14:54:06 IST" duration-ms="403" status="PASS">
          <reporter-output>
          </reporter-output>
        </test-method> <!-- TearDown -->
      </class> <!-- Medanta_Form.RequestACallback -->
    </test> <!-- RequestACallback -->
    <test started-at="2025-06-17T14:54:06 IST" name="SecondOpiniun" finished-at="2025-06-17T14:54:22 IST" duration-ms="16084">
      <class name="Medanta_Form.SecondOpiniun">
        <test-method is-config="true" signature="Openbrowser()[pri:0, instance:Medanta_Form.SecondOpiniun@25be7b63]" started-at="2025-06-17T14:54:06 IST" name="Openbrowser" finished-at="2025-06-17T14:54:10 IST" duration-ms="4164" status="PASS">
          <reporter-output>
          </reporter-output>
        </test-method> <!-- Openbrowser -->
        <test-method signature="TC_01()[pri:0, instance:Medanta_Form.SecondOpiniun@25be7b63]" started-at="2025-06-17T14:54:10 IST" name="TC_01" finished-at="2025-06-17T14:54:21 IST" duration-ms="11645" status="PASS">
          <reporter-output>
          </reporter-output>
        </test-method> <!-- TC_01 -->
        <test-method is-config="true" signature="TearDown()[pri:0, instance:Medanta_Form.SecondOpiniun@25be7b63]" started-at="2025-06-17T14:54:21 IST" name="TearDown" finished-at="2025-06-17T14:54:22 IST" duration-ms="272" status="PASS">
          <reporter-output>
          </reporter-output>
        </test-method> <!-- TearDown -->
      </class> <!-- Medanta_Form.SecondOpiniun -->
    </test> <!-- SecondOpiniun -->
    <test started-at="2025-06-17T14:54:22 IST" name="ElderCare" finished-at="2025-06-17T14:54:40 IST" duration-ms="18700">
      <class name="Medanta_Form.ElderCare">
        <test-method is-config="true" signature="Openbrowser()[pri:0, instance:Medanta_Form.ElderCare@4d0d9fe7]" started-at="2025-06-17T14:54:22 IST" name="Openbrowser" finished-at="2025-06-17T14:54:26 IST" duration-ms="3895" status="PASS">
          <reporter-output>
          </reporter-output>
        </test-method> <!-- Openbrowser -->
        <test-method signature="TC_01()[pri:0, instance:Medanta_Form.ElderCare@4d0d9fe7]" started-at="2025-06-17T14:54:26 IST" name="TC_01" finished-at="2025-06-17T14:54:34 IST" duration-ms="8419" status="PASS">
          <reporter-output>
          </reporter-output>
        </test-method> <!-- TC_01 -->
        <test-method signature="TC_02()[pri:0, instance:Medanta_Form.ElderCare@4d0d9fe7]" started-at="2025-06-17T14:54:34 IST" name="TC_02" finished-at="2025-06-17T14:54:38 IST" duration-ms="4422" status="FAIL">
          <exception class="org.openqa.selenium.ElementClickInterceptedException">
            <message>
              <![CDATA[element click intercepted: Element <a class="close close-modal" data-close="modal" id="closeModal"></a> is not clickable at point (973, 141). Other element would receive the click: <a class="close close-modal" data-close="modal" id="closeModal"></a>
  (Session info: chrome=137.0.7151.104)
Build info: version: '4.10.0', revision: 'c14d967899'
System info: os.name: 'Windows 11', os.arch: 'amd64', os.version: '10.0', java.version: '17.0.7'
Driver info: org.openqa.selenium.chrome.ChromeDriver
Command: [97d426568d09f07e5c54a40f1fd5be79, clickElement {id=f.34147F54F03B7B437659F69AFE59C2D1.d.CB515A9FF04A5EA364233DCBE7B7FBE4.e.194}]
Capabilities {acceptInsecureCerts: false, browserName: chrome, browserVersion: 137.0.7151.104, chrome: {chromedriverVersion: 137.0.7151.70 (dfa4dc56b2ab..., userDataDir: C:\Users\LYXELA~1\AppData\L...}, fedcm:accounts: true, goog:chromeOptions: {debuggerAddress: localhost:50594}, networkConnectionEnabled: false, pageLoadStrategy: normal, platformName: windows, proxy: Proxy(), se:cdp: ws://localhost:50594/devtoo..., se:cdpVersion: 137.0.7151.104, setWindowRect: true, strictFileInteractability: false, timeouts: {implicit: 0, pageLoad: 300000, script: 30000}, unhandledPromptBehavior: dismiss and notify, webauthn:extension:credBlob: true, webauthn:extension:largeBlob: true, webauthn:extension:minPinLength: true, webauthn:extension:prf: true, webauthn:virtualAuthenticators: true}
Element: [[ChromeDriver: chrome on windows (97d426568d09f07e5c54a40f1fd5be79)] -> id: closeModal]
Session ID: 97d426568d09f07e5c54a40f1fd5be79]]>
            </message>
            <full-stacktrace>
              <![CDATA[org.openqa.selenium.ElementClickInterceptedException: element click intercepted: Element <a class="close close-modal" data-close="modal" id="closeModal"></a> is not clickable at point (973, 141). Other element would receive the click: <a class="close close-modal" data-close="modal" id="closeModal"></a>
  (Session info: chrome=137.0.7151.104)
Build info: version: '4.10.0', revision: 'c14d967899'
System info: os.name: 'Windows 11', os.arch: 'amd64', os.version: '10.0', java.version: '17.0.7'
Driver info: org.openqa.selenium.chrome.ChromeDriver
Command: [97d426568d09f07e5c54a40f1fd5be79, clickElement {id=f.34147F54F03B7B437659F69AFE59C2D1.d.CB515A9FF04A5EA364233DCBE7B7FBE4.e.194}]
Capabilities {acceptInsecureCerts: false, browserName: chrome, browserVersion: 137.0.7151.104, chrome: {chromedriverVersion: 137.0.7151.70 (dfa4dc56b2ab..., userDataDir: C:\Users\LYXELA~1\AppData\L...}, fedcm:accounts: true, goog:chromeOptions: {debuggerAddress: localhost:50594}, networkConnectionEnabled: false, pageLoadStrategy: normal, platformName: windows, proxy: Proxy(), se:cdp: ws://localhost:50594/devtoo..., se:cdpVersion: 137.0.7151.104, setWindowRect: true, strictFileInteractability: false, timeouts: {implicit: 0, pageLoad: 300000, script: 30000}, unhandledPromptBehavior: dismiss and notify, webauthn:extension:credBlob: true, webauthn:extension:largeBlob: true, webauthn:extension:minPinLength: true, webauthn:extension:prf: true, webauthn:virtualAuthenticators: true}
Element: [[ChromeDriver: chrome on windows (97d426568d09f07e5c54a40f1fd5be79)] -> id: closeModal]
Session ID: 97d426568d09f07e5c54a40f1fd5be79
at java.base/jdk.internal.reflect.NativeConstructorAccessorImpl.newInstance0(Native Method)
at java.base/jdk.internal.reflect.NativeConstructorAccessorImpl.newInstance(NativeConstructorAccessorImpl.java:77)
at java.base/jdk.internal.reflect.DelegatingConstructorAccessorImpl.newInstance(DelegatingConstructorAccessorImpl.java:45)
at java.base/java.lang.reflect.Constructor.newInstanceWithCaller(Constructor.java:499)
at java.base/java.lang.reflect.Constructor.newInstance(Constructor.java:480)
at org.openqa.selenium.remote.codec.w3c.W3CHttpResponseCodec.createException(W3CHttpResponseCodec.java:199)
at org.openqa.selenium.remote.codec.w3c.W3CHttpResponseCodec.decode(W3CHttpResponseCodec.java:132)
at org.openqa.selenium.remote.codec.w3c.W3CHttpResponseCodec.decode(W3CHttpResponseCodec.java:51)
at org.openqa.selenium.remote.HttpCommandExecutor.execute(HttpCommandExecutor.java:191)
at org.openqa.selenium.remote.service.DriverCommandExecutor.invokeExecute(DriverCommandExecutor.java:196)
at org.openqa.selenium.remote.service.DriverCommandExecutor.execute(DriverCommandExecutor.java:171)
at org.openqa.selenium.remote.RemoteWebDriver.execute(RemoteWebDriver.java:531)
at org.openqa.selenium.remote.RemoteWebElement.execute(RemoteWebElement.java:242)
at org.openqa.selenium.remote.RemoteWebElement.click(RemoteWebElement.java:77)
at Medanta_Form.ElderCare.TC_02(ElderCare.java:64)
at java.base/jdk.internal.reflect.NativeMethodAccessorImpl.invoke0(Native Method)
at java.base/jdk.internal.reflect.NativeMethodAccessorImpl.invoke(NativeMethodAccessorImpl.java:77)
at java.base/jdk.internal.reflect.DelegatingMethodAccessorImpl.invoke(DelegatingMethodAccessorImpl.java:43)
at java.base/java.lang.reflect.Method.invoke(Method.java:568)
at org.testng.internal.invokers.MethodInvocationHelper.invokeMethod(MethodInvocationHelper.java:139)
at org.testng.internal.invokers.TestInvoker.invokeMethod(TestInvoker.java:677)
at org.testng.internal.invokers.TestInvoker.invokeTestMethod(TestInvoker.java:221)
at org.testng.internal.invokers.MethodRunner.runInSequence(MethodRunner.java:50)
at org.testng.internal.invokers.TestInvoker$MethodInvocationAgent.invoke(TestInvoker.java:969)
at org.testng.internal.invokers.TestInvoker.invokeTestMethods(TestInvoker.java:194)
at org.testng.internal.invokers.TestMethodWorker.invokeTestMethods(TestMethodWorker.java:148)
at org.testng.internal.invokers.TestMethodWorker.run(TestMethodWorker.java:128)
at java.base/java.util.ArrayList.forEach(ArrayList.java:1511)
at org.testng.TestRunner.privateRun(TestRunner.java:829)
at org.testng.TestRunner.run(TestRunner.java:602)
at org.testng.SuiteRunner.runTest(SuiteRunner.java:437)
at org.testng.SuiteRunner.runSequentially(SuiteRunner.java:431)
at org.testng.SuiteRunner.privateRun(SuiteRunner.java:391)
at org.testng.SuiteRunner.run(SuiteRunner.java:330)
at org.testng.SuiteRunnerWorker.runSuite(SuiteRunnerWorker.java:52)
at org.testng.SuiteRunnerWorker.run(SuiteRunnerWorker.java:95)
at org.testng.TestNG.runSuitesSequentially(TestNG.java:1256)
at org.testng.TestNG.runSuitesLocally(TestNG.java:1176)
at org.testng.TestNG.runSuites(TestNG.java:1099)
at org.testng.TestNG.run(TestNG.java:1067)
at org.testng.remote.AbstractRemoteTestNG.run(AbstractRemoteTestNG.java:115)
at org.testng.remote.RemoteTestNG.initAndRun(RemoteTestNG.java:251)
at org.testng.remote.RemoteTestNG.main(RemoteTestNG.java:77)
]]>
            </full-stacktrace>
          </exception> <!-- org.openqa.selenium.ElementClickInterceptedException -->
          <reporter-output>
          </reporter-output>
        </test-method> <!-- TC_02 -->
        <test-method signature="TC_03()[pri:0, instance:Medanta_Form.ElderCare@4d0d9fe7]" started-at="2025-06-17T14:54:38 IST" name="TC_03" finished-at="2025-06-17T14:54:40 IST" duration-ms="1592" status="FAIL">
          <exception class="org.openqa.selenium.ElementClickInterceptedException">
            <message>
              <![CDATA[element click intercepted: Element <input type="checkbox" wire:model.lazy="terms" value="1"> is not clickable at point (836, 376). Other element would receive the click: <div class="form-loader loading" wire:loading="" wire:target="submit" style="display: inline-block;">...</div>
  (Session info: chrome=137.0.7151.104)
Build info: version: '4.10.0', revision: 'c14d967899'
System info: os.name: 'Windows 11', os.arch: 'amd64', os.version: '10.0', java.version: '17.0.7'
Driver info: org.openqa.selenium.chrome.ChromeDriver
Command: [97d426568d09f07e5c54a40f1fd5be79, clickElement {id=f.34147F54F03B7B437659F69AFE59C2D1.d.CB515A9FF04A5EA364233DCBE7B7FBE4.e.104}]
Capabilities {acceptInsecureCerts: false, browserName: chrome, browserVersion: 137.0.7151.104, chrome: {chromedriverVersion: 137.0.7151.70 (dfa4dc56b2ab..., userDataDir: C:\Users\LYXELA~1\AppData\L...}, fedcm:accounts: true, goog:chromeOptions: {debuggerAddress: localhost:50594}, networkConnectionEnabled: false, pageLoadStrategy: normal, platformName: windows, proxy: Proxy(), se:cdp: ws://localhost:50594/devtoo..., se:cdpVersion: 137.0.7151.104, setWindowRect: true, strictFileInteractability: false, timeouts: {implicit: 0, pageLoad: 300000, script: 30000}, unhandledPromptBehavior: dismiss and notify, webauthn:extension:credBlob: true, webauthn:extension:largeBlob: true, webauthn:extension:minPinLength: true, webauthn:extension:prf: true, webauthn:virtualAuthenticators: true}
Element: [[ChromeDriver: chrome on windows (97d426568d09f07e5c54a40f1fd5be79)] -> xpath: //input[@type='checkbox']]
Session ID: 97d426568d09f07e5c54a40f1fd5be79]]>
            </message>
            <full-stacktrace>
              <![CDATA[org.openqa.selenium.ElementClickInterceptedException: element click intercepted: Element <input type="checkbox" wire:model.lazy="terms" value="1"> is not clickable at point (836, 376). Other element would receive the click: <div class="form-loader loading" wire:loading="" wire:target="submit" style="display: inline-block;">...</div>
  (Session info: chrome=137.0.7151.104)
Build info: version: '4.10.0', revision: 'c14d967899'
System info: os.name: 'Windows 11', os.arch: 'amd64', os.version: '10.0', java.version: '17.0.7'
Driver info: org.openqa.selenium.chrome.ChromeDriver
Command: [97d426568d09f07e5c54a40f1fd5be79, clickElement {id=f.34147F54F03B7B437659F69AFE59C2D1.d.CB515A9FF04A5EA364233DCBE7B7FBE4.e.104}]
Capabilities {acceptInsecureCerts: false, browserName: chrome, browserVersion: 137.0.7151.104, chrome: {chromedriverVersion: 137.0.7151.70 (dfa4dc56b2ab..., userDataDir: C:\Users\LYXELA~1\AppData\L...}, fedcm:accounts: true, goog:chromeOptions: {debuggerAddress: localhost:50594}, networkConnectionEnabled: false, pageLoadStrategy: normal, platformName: windows, proxy: Proxy(), se:cdp: ws://localhost:50594/devtoo..., se:cdpVersion: 137.0.7151.104, setWindowRect: true, strictFileInteractability: false, timeouts: {implicit: 0, pageLoad: 300000, script: 30000}, unhandledPromptBehavior: dismiss and notify, webauthn:extension:credBlob: true, webauthn:extension:largeBlob: true, webauthn:extension:minPinLength: true, webauthn:extension:prf: true, webauthn:virtualAuthenticators: true}
Element: [[ChromeDriver: chrome on windows (97d426568d09f07e5c54a40f1fd5be79)] -> xpath: //input[@type='checkbox']]
Session ID: 97d426568d09f07e5c54a40f1fd5be79
at java.base/jdk.internal.reflect.NativeConstructorAccessorImpl.newInstance0(Native Method)
at java.base/jdk.internal.reflect.NativeConstructorAccessorImpl.newInstance(NativeConstructorAccessorImpl.java:77)
at java.base/jdk.internal.reflect.DelegatingConstructorAccessorImpl.newInstance(DelegatingConstructorAccessorImpl.java:45)
at java.base/java.lang.reflect.Constructor.newInstanceWithCaller(Constructor.java:499)
at java.base/java.lang.reflect.Constructor.newInstance(Constructor.java:480)
at org.openqa.selenium.remote.codec.w3c.W3CHttpResponseCodec.createException(W3CHttpResponseCodec.java:199)
at org.openqa.selenium.remote.codec.w3c.W3CHttpResponseCodec.decode(W3CHttpResponseCodec.java:132)
at org.openqa.selenium.remote.codec.w3c.W3CHttpResponseCodec.decode(W3CHttpResponseCodec.java:51)
at org.openqa.selenium.remote.HttpCommandExecutor.execute(HttpCommandExecutor.java:191)
at org.openqa.selenium.remote.service.DriverCommandExecutor.invokeExecute(DriverCommandExecutor.java:196)
at org.openqa.selenium.remote.service.DriverCommandExecutor.execute(DriverCommandExecutor.java:171)
at org.openqa.selenium.remote.RemoteWebDriver.execute(RemoteWebDriver.java:531)
at org.openqa.selenium.remote.RemoteWebElement.execute(RemoteWebElement.java:242)
at org.openqa.selenium.remote.RemoteWebElement.click(RemoteWebElement.java:77)
at Medanta_Form.ElderCare.TC_03(ElderCare.java:84)
at java.base/jdk.internal.reflect.NativeMethodAccessorImpl.invoke0(Native Method)
at java.base/jdk.internal.reflect.NativeMethodAccessorImpl.invoke(NativeMethodAccessorImpl.java:77)
at java.base/jdk.internal.reflect.DelegatingMethodAccessorImpl.invoke(DelegatingMethodAccessorImpl.java:43)
at java.base/java.lang.reflect.Method.invoke(Method.java:568)
at org.testng.internal.invokers.MethodInvocationHelper.invokeMethod(MethodInvocationHelper.java:139)
at org.testng.internal.invokers.TestInvoker.invokeMethod(TestInvoker.java:677)
at org.testng.internal.invokers.TestInvoker.invokeTestMethod(TestInvoker.java:221)
at org.testng.internal.invokers.MethodRunner.runInSequence(MethodRunner.java:50)
at org.testng.internal.invokers.TestInvoker$MethodInvocationAgent.invoke(TestInvoker.java:969)
at org.testng.internal.invokers.TestInvoker.invokeTestMethods(TestInvoker.java:194)
at org.testng.internal.invokers.TestMethodWorker.invokeTestMethods(TestMethodWorker.java:148)
at org.testng.internal.invokers.TestMethodWorker.run(TestMethodWorker.java:128)
at java.base/java.util.ArrayList.forEach(ArrayList.java:1511)
at org.testng.TestRunner.privateRun(TestRunner.java:829)
at org.testng.TestRunner.run(TestRunner.java:602)
at org.testng.SuiteRunner.runTest(SuiteRunner.java:437)
at org.testng.SuiteRunner.runSequentially(SuiteRunner.java:431)
at org.testng.SuiteRunner.privateRun(SuiteRunner.java:391)
at org.testng.SuiteRunner.run(SuiteRunner.java:330)
at org.testng.SuiteRunnerWorker.runSuite(SuiteRunnerWorker.java:52)
at org.testng.SuiteRunnerWorker.run(SuiteRunnerWorker.java:95)
at org.testng.TestNG.runSuitesSequentially(TestNG.java:1256)
at org.testng.TestNG.runSuitesLocally(TestNG.java:1176)
at org.testng.TestNG.runSuites(TestNG.java:1099)
at org.testng.TestNG.run(TestNG.java:1067)
at org.testng.remote.AbstractRemoteTestNG.run(AbstractRemoteTestNG.java:115)
at org.testng.remote.RemoteTestNG.initAndRun(RemoteTestNG.java:251)
at org.testng.remote.RemoteTestNG.main(RemoteTestNG.java:77)
]]>
            </full-stacktrace>
          </exception> <!-- org.openqa.selenium.ElementClickInterceptedException -->
          <reporter-output>
          </reporter-output>
        </test-method> <!-- TC_03 -->
        <test-method is-config="true" signature="TearDown()[pri:0, instance:Medanta_Form.ElderCare@4d0d9fe7]" started-at="2025-06-17T14:54:40 IST" name="TearDown" finished-at="2025-06-17T14:54:40 IST" duration-ms="361" status="PASS">
          <reporter-output>
          </reporter-output>
        </test-method> <!-- TearDown -->
      </class> <!-- Medanta_Form.ElderCare -->
    </test> <!-- ElderCare -->
    <test started-at="2025-06-17T14:54:40 IST" name="MedantaLabs" finished-at="2025-06-17T14:54:53 IST" duration-ms="13004">
      <class name="Medanta_Form.MedantaLabs">
        <test-method is-config="true" signature="Openbrowser()[pri:0, instance:Medanta_Form.MedantaLabs@70cf32e3]" started-at="2025-06-17T14:54:40 IST" name="Openbrowser" finished-at="2025-06-17T14:54:44 IST" duration-ms="3917" status="PASS">
          <reporter-output>
          </reporter-output>
        </test-method> <!-- Openbrowser -->
        <test-method signature="TC_01()[pri:0, instance:Medanta_Form.MedantaLabs@70cf32e3]" started-at="2025-06-17T14:54:44 IST" name="TC_01" finished-at="2025-06-17T14:54:53 IST" duration-ms="8656" status="PASS">
          <reporter-output>
          </reporter-output>
        </test-method> <!-- TC_01 -->
        <test-method is-config="true" signature="TearDown()[pri:0, instance:Medanta_Form.MedantaLabs@70cf32e3]" started-at="2025-06-17T14:54:53 IST" name="TearDown" finished-at="2025-06-17T14:54:53 IST" duration-ms="428" status="PASS">
          <reporter-output>
          </reporter-output>
        </test-method> <!-- TearDown -->
      </class> <!-- Medanta_Form.MedantaLabs -->
    </test> <!-- MedantaLabs -->
  </suite> <!-- Suite -->
</testng-results>
